<?xml version="1.0" encoding="UTF-8"?>
<!-- Generated by org.testng.reporters.JUnitXMLReporter -->
<testsuite ignored="0" hostname="Sunita" failures="0" tests="6" name="SauceDemo login/logout users" time="645.823" errors="0" timestamp="2026-05-11T19:44:47 EDT">
  <testcase classname="com.mobilewright.tests.SauceDemoAndroidChromeTest" name="loginAndLogoutOnAndroidChrome" time="100.95"/>
  <testcase classname="com.mobilewright.tests.SauceDemoAndroidChromeTest" name="loginAndLogoutOnAndroidChrome" time="58.86"/>
  <testcase classname="com.mobilewright.tests.SauceDemoAndroidChromeTest" name="loginAndLogoutOnAndroidChrome" time="97.374"/>
  <testcase classname="com.mobilewright.tests.SauceDemoAndroidChromeTest" name="loginAndLogoutOnAndroidChrome" time="105.197"/>
  <testcase classname="com.mobilewright.tests.SauceDemoAndroidChromeTest" name="loginAndLogoutOnAndroidChrome" time="99.22"/>
  <testcase classname="com.mobilewright.tests.SauceDemoAndroidChromeTest" name="loginAndLogoutOnAndroidChrome" time="100.873"/>
</testsuite> <!-- SauceDemo login/logout users -->
