<?xml version="1.0" encoding="UTF-8"?>
<!-- Generated by org.testng.reporters.JUnitReportReporter -->
<testsuite hostname="Sunita" failures="0" tests="15" name="com.mobilewright.bdd.RunCucumberTest" time="1488.902" errors="0" timestamp="2026-05-12T12:56:27 EDT" skipped="0">
  <testcase classname="com.mobilewright.bdd.RunCucumberTest" name="runScenario" time="89.687"/>
  <testcase classname="com.mobilewright.bdd.RunCucumberTest" name="runScenario" time="88.189"/>
  <testcase classname="com.mobilewright.bdd.RunCucumberTest" name="runScenario" time="90.318"/>
  <testcase classname="com.mobilewright.bdd.RunCucumberTest" name="runScenario" time="104.255"/>
  <testcase classname="com.mobilewright.bdd.RunCucumberTest" name="runScenario" time="100.014"/>
  <testcase classname="com.mobilewright.bdd.RunCucumberTest" name="runScenario" time="94.640"/>
  <testcase classname="com.mobilewright.bdd.RunCucumberTest" name="runScenario" time="98.345"/>
  <testcase classname="com.mobilewright.bdd.RunCucumberTest" name="runScenario" time="92.988"/>
  <testcase classname="com.mobilewright.bdd.RunCucumberTest" name="runScenario" time="118.153"/>
  <testcase classname="com.mobilewright.bdd.RunCucumberTest" name="runScenario" time="117.491"/>
  <testcase classname="com.mobilewright.bdd.RunCucumberTest" name="runScenario" time="116.909"/>
  <testcase classname="com.mobilewright.bdd.RunCucumberTest" name="runScenario" time="106.494"/>
  <testcase classname="com.mobilewright.bdd.RunCucumberTest" name="runScenario" time="91.035"/>
  <testcase classname="com.mobilewright.bdd.RunCucumberTest" name="runScenario" time="83.969"/>
  <testcase classname="com.mobilewright.bdd.RunCucumberTest" name="runScenario" time="96.415"/>
</testsuite> <!-- com.mobilewright.bdd.RunCucumberTest -->
