<?xml version="1.0" encoding="UTF-8"?>
<!-- Generated by org.testng.reporters.JUnitReportReporter -->
<testsuite hostname="Sunita" failures="0" tests="6" name="com.mobilewright.tests.SauceDemoAndroidChromeTest" time="645.748" errors="0" timestamp="2026-05-11T19:44:48 EDT" skipped="0">
  <testcase classname="com.mobilewright.tests.SauceDemoAndroidChromeTest" name="loginAndLogoutOnAndroidChrome" time="109.679"/>
  <testcase classname="com.mobilewright.tests.SauceDemoAndroidChromeTest" name="loginAndLogoutOnAndroidChrome" time="67.696"/>
  <testcase classname="com.mobilewright.tests.SauceDemoAndroidChromeTest" name="loginAndLogoutOnAndroidChrome" time="133.924"/>
  <testcase classname="com.mobilewright.tests.SauceDemoAndroidChromeTest" name="loginAndLogoutOnAndroidChrome" time="111.394"/>
  <testcase classname="com.mobilewright.tests.SauceDemoAndroidChromeTest" name="loginAndLogoutOnAndroidChrome" time="108.940"/>
  <testcase classname="com.mobilewright.tests.SauceDemoAndroidChromeTest" name="loginAndLogoutOnAndroidChrome" time="114.115"/>
</testsuite> <!-- com.mobilewright.tests.SauceDemoAndroidChromeTest -->
