<?xml version="1.0" encoding="UTF-8"?>
<!-- Generated by org.testng.reporters.JUnitReportReporter -->
<testsuite hostname="Sunita" failures="0" tests="6" name="com.mobilewright.bdd.RunCucumberTest" time="625.179" errors="0" timestamp="2026-05-11T20:03:24 EDT" skipped="0">
  <testcase classname="com.mobilewright.bdd.RunCucumberTest" name="runScenario" time="111.933"/>
  <testcase classname="com.mobilewright.bdd.RunCucumberTest" name="runScenario" time="113.997"/>
  <testcase classname="com.mobilewright.bdd.RunCucumberTest" name="runScenario" time="110.057"/>
  <testcase classname="com.mobilewright.bdd.RunCucumberTest" name="runScenario" time="106.778"/>
  <testcase classname="com.mobilewright.bdd.RunCucumberTest" name="runScenario" time="71.544"/>
  <testcase classname="com.mobilewright.bdd.RunCucumberTest" name="runScenario" time="110.870"/>
</testsuite> <!-- com.mobilewright.bdd.RunCucumberTest -->
