<?xml version="1.0" encoding="UTF-8"?>
<testsuite xmlns:xsi="http://www.w3.org/2001/XMLSchema-instance" xsi:noNamespaceSchemaLocation="https://maven.apache.org/surefire/maven-surefire-plugin/xsd/surefire-test-report-3.0.xsd" version="3.0" name="TestSuite" time="627.121" tests="6" errors="0" skipped="0" failures="0">
  <properties>
[...]
</properties>
  <testcase name="runScenario[&quot;Successful users can login and logout&quot;, &quot;SauceDemo mobile login on Android Chrome&quot;](1)" classname="com.mobilewright.bdd.RunCucumberTest" time="111.934">
    <system-out><![CDATA[
@positive
Scenario Outline: Successful users can login and logout         # src/test/resources/features/saucedemo_mobile_login.feature:15
  Given the SauceDemo login page is opened on Android Chrome    # com.mobilewright.steps.SauceDemoSteps.openSauceDemoLoginPage()
  And the login page is readable                                # com.mobilewright.steps.SauceDemoSteps.loginPageIsReadable()
  When I login with retry using sauce user data "standard_user" # com.mobilewright.steps.SauceDemoSteps.loginWithRetryUsingData(java.lang.String)
  Then the sauce user should reach the inventory page           # com.mobilewright.steps.SauceDemoSteps.userShouldReachInventoryPage()
  And the sauce user logs out successfully                      # com.mobilewright.steps.SauceDemoSteps.userLogsOutSuccessfully()
]]></system-out>
    <system-err><![CDATA[SLF4J(W): No SLF4J providers were found.
SLF4J(W): Defaulting to no-operation (NOP) logger implementation
SLF4J(W): See https://www.slf4j.org/codes.html#noProviders for further details.
]]></system-err>
  </testcase>
  <testcase name="runScenario[&quot;Successful users can login and logout&quot;, &quot;SauceDemo mobile login on Android Chrome&quot;](2)" classname="com.mobilewright.bdd.RunCucumberTest" time="106.776">
    <system-out><![CDATA[
@positive
Scenario Outline: Successful users can login and logout        # src/test/resources/features/saucedemo_mobile_login.feature:16
  Given the SauceDemo login page is opened on Android Chrome   # com.mobilewright.steps.SauceDemoSteps.openSauceDemoLoginPage()
  And the login page is readable                               # com.mobilewright.steps.SauceDemoSteps.loginPageIsReadable()
  When I login with retry using sauce user data "problem_user" # com.mobilewright.steps.SauceDemoSteps.loginWithRetryUsingData(java.lang.String)
  Then the sauce user should reach the inventory page          # com.mobilewright.steps.SauceDemoSteps.userShouldReachInventoryPage()
  And the sauce user logs out successfully                     # com.mobilewright.steps.SauceDemoSteps.userLogsOutSuccessfully()
]]></system-out>
  </testcase>
  <testcase name="runScenario[&quot;Successful users can login and logout&quot;, &quot;SauceDemo mobile login on Android Chrome&quot;](3)" classname="com.mobilewright.bdd.RunCucumberTest" time="113.998">
    <system-out><![CDATA[
@positive
Scenario Outline: Successful users can login and logout                   # src/test/resources/features/saucedemo_mobile_login.feature:17
  Given the SauceDemo login page is opened on Android Chrome              # com.mobilewright.steps.SauceDemoSteps.openSauceDemoLoginPage()
  And the login page is readable                                          # com.mobilewright.steps.SauceDemoSteps.loginPageIsReadable()
  When I login with retry using sauce user data "performance_glitch_user" # com.mobilewright.steps.SauceDemoSteps.loginWithRetryUsingData(java.lang.String)
  Then the sauce user should reach the inventory page                     # com.mobilewright.steps.SauceDemoSteps.userShouldReachInventoryPage()
  And the sauce user logs out successfully                                # com.mobilewright.steps.SauceDemoSteps.userLogsOutSuccessfully()
]]></system-out>
  </testcase>
  <testcase name="runScenario[&quot;Successful users can login and logout&quot;, &quot;SauceDemo mobile login on Android Chrome&quot;](4)" classname="com.mobilewright.bdd.RunCucumberTest" time="110.06">
    <system-out><![CDATA[
@positive
Scenario Outline: Successful users can login and logout      # src/test/resources/features/saucedemo_mobile_login.feature:18
  Given the SauceDemo login page is opened on Android Chrome # com.mobilewright.steps.SauceDemoSteps.openSauceDemoLoginPage()
  And the login page is readable                             # com.mobilewright.steps.SauceDemoSteps.loginPageIsReadable()
  When I login with retry using sauce user data "error_user" # com.mobilewright.steps.SauceDemoSteps.loginWithRetryUsingData(java.lang.String)
  Then the sauce user should reach the inventory page        # com.mobilewright.steps.SauceDemoSteps.userShouldReachInventoryPage()
  And the sauce user logs out successfully                   # com.mobilewright.steps.SauceDemoSteps.userLogsOutSuccessfully()
]]></system-out>
  </testcase>
  <testcase name="runScenario[&quot;Successful users can login and logout&quot;, &quot;SauceDemo mobile login on Android Chrome&quot;](5)" classname="com.mobilewright.bdd.RunCucumberTest" time="110.87">
    <system-out><![CDATA[
@positive
Scenario Outline: Successful users can login and logout       # src/test/resources/features/saucedemo_mobile_login.feature:19
  Given the SauceDemo login page is opened on Android Chrome  # com.mobilewright.steps.SauceDemoSteps.openSauceDemoLoginPage()
  And the login page is readable                              # com.mobilewright.steps.SauceDemoSteps.loginPageIsReadable()
  When I login with retry using sauce user data "visual_user" # com.mobilewright.steps.SauceDemoSteps.loginWithRetryUsingData(java.lang.String)
  Then the sauce user should reach the inventory page         # com.mobilewright.steps.SauceDemoSteps.userShouldReachInventoryPage()
  And the sauce user logs out successfully                    # com.mobilewright.steps.SauceDemoSteps.userLogsOutSuccessfully()
]]></system-out>
  </testcase>
  <testcase name="runScenario[&quot;Locked out user sees the expected validation message&quot;, &quot;SauceDemo mobile login on Android Chrome&quot;](6)" classname="com.mobilewright.bdd.RunCucumberTest" time="71.545">
    <system-out><![CDATA[
@negative
Scenario Outline: Locked out user sees the expected validation message # src/test/resources/features/saucedemo_mobile_login.feature:29
  Given the SauceDemo login page is opened on Android Chrome           # com.mobilewright.steps.SauceDemoSteps.openSauceDemoLoginPage()
  And the login page is readable                                       # com.mobilewright.steps.SauceDemoSteps.loginPageIsReadable()
  When I login with retry using sauce user data "locked_out_user"      # com.mobilewright.steps.SauceDemoSteps.loginWithRetryUsingData(java.lang.String)
  Then the sauce user should see the expected login error              # com.mobilewright.steps.SauceDemoSteps.userShouldSeeExpectedLoginError()

    Embedding locked_out_user_secret_sauce.png [image/png 159941 bytes]

  And a negative scenario screenshot is stored with the user data name # com.mobilewright.steps.SauceDemoSteps.storeNegativeScenarioScreenshot()
]]></system-out>
  </testcase>
</testsuite>